<?xml version="1.0" encoding="UTF-8"?>
<testng-results skipped="0" failed="0" total="1" passed="1">
  <reporter-output>
  </reporter-output>
  <suite name="Suite" duration-ms="11853" started-at="2020-07-13T11:17:37Z" finished-at="2020-07-13T11:17:49Z">
    <groups>
    </groups>
    <test name="Test" duration-ms="11853" started-at="2020-07-13T11:17:37Z" finished-at="2020-07-13T11:17:49Z">
      <class name="com.framework.selenium.TestNG.main.TestNGMethods">
        <test-method status="PASS" signature="closeDriver()[pri:0, instance:com.framework.selenium.TestNG.main.TestNGMethods@23aa363a]" name="closeDriver" is-config="true" duration-ms="906" started-at="2020-07-13T16:47:49Z" finished-at="2020-07-13T16:47:50Z">
          <reporter-output>
          </reporter-output>
        </test-method> <!-- closeDriver -->
      </class> <!-- com.framework.selenium.TestNG.main.TestNGMethods -->
      <class name="com.application.testMethods.Login">
        <test-method status="PASS" signature="loginApplication(java.lang.String)[pri:0, instance:com.application.testMethods.Login@2dca0d64]" name="loginApplication" duration-ms="11840" started-at="2020-07-13T16:47:37Z" finished-at="2020-07-13T16:47:49Z">
          <params>
            <param index="0">
              <value>
                <![CDATA[https://czcholstc001173.prg-dc.dhl.com/fat_afsm]]>
              </value>
            </param>
          </params>
          <reporter-output>
          </reporter-output>
        </test-method> <!-- loginApplication -->
      </class> <!-- com.application.testMethods.Login -->
    </test> <!-- Test -->
  </suite> <!-- Suite -->
</testng-results>
